<?xml version="1.0" encoding="UTF-8"?>
<testng-results skipped="0" failed="0" ignored="0" total="1" passed="1">
  <reporter-output>
  </reporter-output>
  <suite name="Default suite" duration-ms="20191" started-at="2022-04-28T11:04:15 IST" finished-at="2022-04-28T11:04:35 IST">
    <groups>
    </groups>
    <test name="Default test" duration-ms="20191" started-at="2022-04-28T11:04:15 IST" finished-at="2022-04-28T11:04:35 IST">
      <class name="Assignments.NewTest1">
        <test-method status="PASS" signature="f123()[pri:0, instance:Assignments.NewTest1@76f2b07d]" name="f123" duration-ms="19853" started-at="2022-04-28T11:04:15 IST" finished-at="2022-04-28T11:04:35 IST">
          <reporter-output>
          </reporter-output>
        </test-method> <!-- f123 -->
      </class> <!-- Assignments.NewTest1 -->
    </test> <!-- Default test -->
  </suite> <!-- Default suite -->
</testng-results>
